<?xml version="1.0" encoding="UTF-8"?>
<!-- Generated by org.testng.reporters.JUnitReportReporter -->
<testsuite hostname="DESKTOP-V6ELO8R" failures="0" tests="2" name="utilities.ExcelR" time="0.037" errors="0" timestamp="2024-03-31T12:36:36 IST" skipped="0">
  <testcase classname="utilities.ExcelR" name="data" time="0.012"/>
  <testcase classname="utilities.ExcelR" name="data" time="0.025"/>
</testsuite> <!-- utilities.ExcelR -->
