<?xml version="1.0" encoding="UTF-8"?>
<!-- Generated by org.testng.reporters.JUnitReportReporter -->
<testsuite hostname="DESKTOP-OMV2D25" failures="0" tests="5" name="testLayer.LoginTest" time="172.162" errors="0" timestamp="2024-04-15T11:20:11 IST" skipped="0">
  <testcase classname="testLayer.LoginTest" name="LoginAccountTest" time="35.638"/>
  <testcase classname="testLayer.LoginTest" name="LoginAccountTest" time="33.107"/>
  <testcase classname="testLayer.LoginTest" name="LoginAccountTest" time="37.374"/>
  <testcase classname="testLayer.LoginTest" name="LoginAccountTest" time="32.721"/>
  <testcase classname="testLayer.LoginTest" name="LoginAccountTest" time="33.322"/>
</testsuite> <!-- testLayer.LoginTest -->
