<?xml version="1.0" encoding="UTF-8"?>
<!-- Generated by org.testng.reporters.JUnitReportReporter -->
<testsuite hostname="DESKTOP-OMV2D25" failures="0" tests="1" name="testLayer.AddProductToCart" time="184.249" errors="0" timestamp="2024-04-25T19:04:55 IST" skipped="0">
  <testcase classname="testLayer.AddProductToCart" name="getAllCategoriesName" time="184.249"/>
</testsuite> <!-- testLayer.AddProductToCart -->
