<?xml version="1.0" encoding="UTF-8"?>
<!-- Generated by org.testng.reporters.JUnitReportReporter -->
<testsuite hostname="DESKTOP-OMV2D25" failures="0" tests="576" name="utilities.ExelDP" time="0.854" errors="0" timestamp="2024-04-10T17:04:52 IST" skipped="0">
  <testcase classname="utilities.ExelDP" name="readDP" time="0.001"/>
  <testcase classname="utilities.ExelDP" name="readDP" time="0.001"/>
  <testcase classname="utilities.ExelDP" name="readDP" time="0.002"/>
  <testcase classname="utilities.ExelDP" name="readDP" time="0.002"/>
  <testcase classname="utilities.ExelDP" name="readDP" time="0.002"/>
  <testcase classname="utilities.ExelDP" name="readDP" time="0.001"/>
  <testcase classname="utilities.ExelDP" name="readDP" time="0.001"/>
  <testcase classname="utilities.ExelDP" name="readDP" time="0.001"/>
  <testcase classname="utilities.ExelDP" name="readDP" time="0.001"/>
  <testcase classname="utilities.ExelDP" name="readDP" time="0.000"/>
  <testcase classname="utilities.ExelDP" name="readDP" time="0.000"/>
  <testcase classname="utilities.ExelDP" name="readDP" time="0.001"/>
  <testcase classname="utilities.ExelDP" name="readDP" time="0.003"/>
  <testcase classname="utilities.ExelDP" name="readDP" time="0.001"/>
  <testcase classname="utilities.ExelDP" name="readDP" time="0.000"/>
  <testcase classname="utilities.ExelDP" name="readDP" time="0.000"/>
  <testcase classname="utilities.ExelDP" name="readDP" time="0.000"/>
  <testcase classname="utilities.ExelDP" name="readDP" time="0.001"/>
  <testcase classname="utilities.ExelDP" name="readDP" time="0.001"/>
  <testcase classname="utilities.ExelDP" name="readDP" time="0.000"/>
  <testcase classname="utilities.ExelDP" name="readDP" time="0.001"/>
  <testcase classname="utilities.ExelDP" name="readDP" time="0.001"/>
  <testcase classname="utilities.ExelDP" name="readDP" time="0.001"/>
  <testcase classname="utilities.ExelDP" name="readDP" time="0.001"/>
  <testcase classname="utilities.ExelDP" name="readDP" time="0.001"/>
  <testcase classname="utilities.ExelDP" name="readDP" time="0.001"/>
  <testcase classname="utilities.ExelDP" name="readDP" time="0.004"/>
  <testcase classname="utilities.ExelDP" name="readDP" time="0.008"/>
  <testcase classname="utilities.ExelDP" name="readDP" time="0.001"/>
  <testcase classname="utilities.ExelDP" name="readDP" time="0.002"/>
  <testcase classname="utilities.ExelDP" name="readDP" time="0.000"/>
  <testcase classname="utilities.ExelDP" name="readDP" time="0.001"/>
  <testcase classname="utilities.ExelDP" name="readDP" time="0.000"/>
  <testcase classname="utilities.ExelDP" name="readDP" time="0.001"/>
  <testcase classname="utilities.ExelDP" name="readDP" time="0.001"/>
  <testcase classname="utilities.ExelDP" name="readDP" time="0.001"/>
  <testcase classname="utilities.ExelDP" name="readDP" time="0.000"/>
  <testcase classname="utilities.ExelDP" name="readDP" time="0.001"/>
  <testcase classname="utilities.ExelDP" name="readDP" time="0.003"/>
  <testcase classname="utilities.ExelDP" name="readDP" time="0.001"/>
  <testcase classname="utilities.ExelDP" name="readDP" time="0.001"/>
  <testcase classname="utilities.ExelDP" name="readDP" time="0.000"/>
  <testcase classname="utilities.ExelDP" name="readDP" time="0.001"/>
  <testcase classname="utilities.ExelDP" name="readDP" time="0.003"/>
  <testcase classname="utilities.ExelDP" name="readDP" time="0.001"/>
  <testcase classname="utilities.ExelDP" name="readDP" time="0.008"/>
  <testcase classname="utilities.ExelDP" name="readDP" time="0.001"/>
  <testcase classname="utilities.ExelDP" name="readDP" time="0.001"/>
  <testcase classname="utilities.ExelDP" name="readDP" time="0.001"/>
  <testcase classname="utilities.ExelDP" name="readDP" time="0.001"/>
  <testcase classname="utilities.ExelDP" name="readDP" time="0.001"/>
  <testcase classname="utilities.ExelDP" name="readDP" time="0.000"/>
  <testcase classname="utilities.ExelDP" name="readDP" time="0.000"/>
  <testcase classname="utilities.ExelDP" name="readDP" time="0.002"/>
  <testcase classname="utilities.ExelDP" name="readDP" time="0.001"/>
  <testcase classname="utilities.ExelDP" name="readDP" time="0.000"/>
  <testcase classname="utilities.ExelDP" name="readDP" time="0.000"/>
  <testcase classname="utilities.ExelDP" name="readDP" time="0.003"/>
  <testcase classname="utilities.ExelDP" name="readDP" time="0.001"/>
  <testcase classname="utilities.ExelDP" name="readDP" time="0.000"/>
  <testcase classname="utilities.ExelDP" name="readDP" time="0.000"/>
  <testcase classname="utilities.ExelDP" name="readDP" time="0.005"/>
  <testcase classname="utilities.ExelDP" name="readDP" time="0.000"/>
  <testcase classname="utilities.ExelDP" name="readDP" time="0.000"/>
  <testcase classname="utilities.ExelDP" name="readDP" time="0.001"/>
  <testcase classname="utilities.ExelDP" name="readDP" time="0.001"/>
  <testcase classname="utilities.ExelDP" name="readDP" time="0.001"/>
  <testcase classname="utilities.ExelDP" name="readDP" time="0.003"/>
  <testcase classname="utilities.ExelDP" name="readDP" time="0.001"/>
  <testcase classname="utilities.ExelDP" name="readDP" time="0.002"/>
  <testcase classname="utilities.ExelDP" name="readDP" time="0.002"/>
  <testcase classname="utilities.ExelDP" name="readDP" time="0.001"/>
  <testcase classname="utilities.ExelDP" name="readDP" time="0.004"/>
  <testcase classname="utilities.ExelDP" name="readDP" time="0.002"/>
  <testcase classname="utilities.ExelDP" name="readDP" time="0.000"/>
  <testcase classname="utilities.ExelDP" name="readDP" time="0.001"/>
  <testcase classname="utilities.ExelDP" name="readDP" time="0.002"/>
  <testcase classname="utilities.ExelDP" name="readDP" time="0.001"/>
  <testcase classname="utilities.ExelDP" name="readDP" time="0.001"/>
  <testcase classname="utilities.ExelDP" name="readDP" time="0.002"/>
  <testcase classname="utilities.ExelDP" name="readDP" time="0.000"/>
  <testcase classname="utilities.ExelDP" name="readDP" time="0.001"/>
  <testcase classname="utilities.ExelDP" name="readDP" time="0.003"/>
  <testcase classname="utilities.ExelDP" name="readDP" time="0.002"/>
  <testcase classname="utilities.ExelDP" name="readDP" time="0.001"/>
  <testcase classname="utilities.ExelDP" name="readDP" time="0.000"/>
  <testcase classname="utilities.ExelDP" name="readDP" time="0.002"/>
  <testcase classname="utilities.ExelDP" name="readDP" time="0.001"/>
  <testcase classname="utilities.ExelDP" name="readDP" time="0.001"/>
  <testcase classname="utilities.ExelDP" name="readDP" time="0.003"/>
  <testcase classname="utilities.ExelDP" name="readDP" time="0.002"/>
  <testcase classname="utilities.ExelDP" name="readDP" time="0.002"/>
  <testcase classname="utilities.ExelDP" name="readDP" time="0.001"/>
  <testcase classname="utilities.ExelDP" name="readDP" time="0.001"/>
  <testcase classname="utilities.ExelDP" name="readDP" time="0.004"/>
  <testcase classname="utilities.ExelDP" name="readDP" time="0.002"/>
  <testcase classname="utilities.ExelDP" name="readDP" time="0.000"/>
  <testcase classname="utilities.ExelDP" name="readDP" time="0.001"/>
  <testcase classname="utilities.ExelDP" name="readDP" time="0.001"/>
  <testcase classname="utilities.ExelDP" name="readDP" time="0.001"/>
  <testcase classname="utilities.ExelDP" name="readDP" time="0.001"/>
  <testcase classname="utilities.ExelDP" name="readDP" time="0.002"/>
  <testcase classname="utilities.ExelDP" name="readDP" time="0.002"/>
  <testcase classname="utilities.ExelDP" name="readDP" time="0.003"/>
  <testcase classname="utilities.ExelDP" name="readDP" time="0.001"/>
  <testcase classname="utilities.ExelDP" name="readDP" time="0.001"/>
  <testcase classname="utilities.ExelDP" name="readDP" time="0.000"/>
  <testcase classname="utilities.ExelDP" name="readDP" time="0.000"/>
  <testcase classname="utilities.ExelDP" name="readDP" time="0.001"/>
  <testcase classname="utilities.ExelDP" name="readDP" time="0.001"/>
  <testcase classname="utilities.ExelDP" name="readDP" time="0.001"/>
  <testcase classname="utilities.ExelDP" name="readDP" time="0.002"/>
  <testcase classname="utilities.ExelDP" name="readDP" time="0.000"/>
  <testcase classname="utilities.ExelDP" name="readDP" time="0.000"/>
  <testcase classname="utilities.ExelDP" name="readDP" time="0.000"/>
  <testcase classname="utilities.ExelDP" name="readDP" time="0.003"/>
  <testcase classname="utilities.ExelDP" name="readDP" time="0.002"/>
  <testcase classname="utilities.ExelDP" name="readDP" time="0.001"/>
  <testcase classname="utilities.ExelDP" name="readDP" time="0.000"/>
  <testcase classname="utilities.ExelDP" name="readDP" time="0.000"/>
  <testcase classname="utilities.ExelDP" name="readDP" time="0.003"/>
  <testcase classname="utilities.ExelDP" name="readDP" time="0.001"/>
  <testcase classname="utilities.ExelDP" name="readDP" time="0.002"/>
  <testcase classname="utilities.ExelDP" name="readDP" time="0.001"/>
  <testcase classname="utilities.ExelDP" name="readDP" time="0.001"/>
  <testcase classname="utilities.ExelDP" name="readDP" time="0.000"/>
  <testcase classname="utilities.ExelDP" name="readDP" time="0.001"/>
  <testcase classname="utilities.ExelDP" name="readDP" time="0.001"/>
  <testcase classname="utilities.ExelDP" name="readDP" time="0.000"/>
  <testcase classname="utilities.ExelDP" name="readDP" time="0.001"/>
  <testcase classname="utilities.ExelDP" name="readDP" time="0.001"/>
  <testcase classname="utilities.ExelDP" name="readDP" time="0.000"/>
  <testcase classname="utilities.ExelDP" name="readDP" time="0.001"/>
  <testcase classname="utilities.ExelDP" name="readDP" time="0.001"/>
  <testcase classname="utilities.ExelDP" name="readDP" time="0.001"/>
  <testcase classname="utilities.ExelDP" name="readDP" time="0.000"/>
  <testcase classname="utilities.ExelDP" name="readDP" time="0.001"/>
  <testcase classname="utilities.ExelDP" name="readDP" time="0.000"/>
  <testcase classname="utilities.ExelDP" name="readDP" time="0.000"/>
  <testcase classname="utilities.ExelDP" name="readDP" time="0.000"/>
  <testcase classname="utilities.ExelDP" name="readDP" time="0.001"/>
  <testcase classname="utilities.ExelDP" name="readDP" time="0.000"/>
  <testcase classname="utilities.ExelDP" name="readDP" time="0.000"/>
  <testcase classname="utilities.ExelDP" name="readDP" time="0.002"/>
  <testcase classname="utilities.ExelDP" name="readDP" time="0.002"/>
  <testcase classname="utilities.ExelDP" name="readDP" time="0.001"/>
  <testcase classname="utilities.ExelDP" name="readDP" time="0.000"/>
  <testcase classname="utilities.ExelDP" name="readDP" time="0.001"/>
  <testcase classname="utilities.ExelDP" name="readDP" time="0.002"/>
  <testcase classname="utilities.ExelDP" name="readDP" time="0.003"/>
  <testcase classname="utilities.ExelDP" name="readDP" time="0.001"/>
  <testcase classname="utilities.ExelDP" name="readDP" time="0.000"/>
  <testcase classname="utilities.ExelDP" name="readDP" time="0.001"/>
  <testcase classname="utilities.ExelDP" name="readDP" time="0.001"/>
  <testcase classname="utilities.ExelDP" name="readDP" time="0.000"/>
  <testcase classname="utilities.ExelDP" name="readDP" time="0.000"/>
  <testcase classname="utilities.ExelDP" name="readDP" time="0.000"/>
  <testcase classname="utilities.ExelDP" name="readDP" time="0.001"/>
  <testcase classname="utilities.ExelDP" name="readDP" time="0.001"/>
  <testcase classname="utilities.ExelDP" name="readDP" time="0.000"/>
  <testcase classname="utilities.ExelDP" name="readDP" time="0.000"/>
  <testcase classname="utilities.ExelDP" name="readDP" time="0.001"/>
  <testcase classname="utilities.ExelDP" name="readDP" time="0.001"/>
  <testcase classname="utilities.ExelDP" name="readDP" time="0.004"/>
  <testcase classname="utilities.ExelDP" name="readDP" time="0.001"/>
  <testcase classname="utilities.ExelDP" name="readDP" time="0.000"/>
  <testcase classname="utilities.ExelDP" name="readDP" time="0.001"/>
  <testcase classname="utilities.ExelDP" name="readDP" time="0.000"/>
  <testcase classname="utilities.ExelDP" name="readDP" time="0.001"/>
  <testcase classname="utilities.ExelDP" name="readDP" time="0.000"/>
  <testcase classname="utilities.ExelDP" name="readDP" time="0.000"/>
  <testcase classname="utilities.ExelDP" name="readDP" time="0.001"/>
  <testcase classname="utilities.ExelDP" name="readDP" time="0.001"/>
  <testcase classname="utilities.ExelDP" name="readDP" time="0.003"/>
  <testcase classname="utilities.ExelDP" name="readDP" time="0.001"/>
  <testcase classname="utilities.ExelDP" name="readDP" time="0.000"/>
  <testcase classname="utilities.ExelDP" name="readDP" time="0.000"/>
  <testcase classname="utilities.ExelDP" name="readDP" time="0.000"/>
  <testcase classname="utilities.ExelDP" name="readDP" time="0.001"/>
  <testcase classname="utilities.ExelDP" name="readDP" time="0.000"/>
  <testcase classname="utilities.ExelDP" name="readDP" time="0.000"/>
  <testcase classname="utilities.ExelDP" name="readDP" time="0.000"/>
  <testcase classname="utilities.ExelDP" name="readDP" time="0.002"/>
  <testcase classname="utilities.ExelDP" name="readDP" time="0.001"/>
  <testcase classname="utilities.ExelDP" name="readDP" time="0.001"/>
  <testcase classname="utilities.ExelDP" name="readDP" time="0.002"/>
  <testcase classname="utilities.ExelDP" name="readDP" time="0.001"/>
  <testcase classname="utilities.ExelDP" name="readDP" time="0.003"/>
  <testcase classname="utilities.ExelDP" name="readDP" time="0.001"/>
  <testcase classname="utilities.ExelDP" name="readDP" time="0.001"/>
  <testcase classname="utilities.ExelDP" name="readDP" time="0.001"/>
  <testcase classname="utilities.ExelDP" name="readDP" time="0.001"/>
  <testcase classname="utilities.ExelDP" name="readDP" time="0.004"/>
  <testcase classname="utilities.ExelDP" name="readDP" time="0.001"/>
  <testcase classname="utilities.ExelDP" name="readDP" time="0.000"/>
  <testcase classname="utilities.ExelDP" name="readDP" time="0.000"/>
  <testcase classname="utilities.ExelDP" name="readDP" time="0.000"/>
  <testcase classname="utilities.ExelDP" name="readDP" time="0.000"/>
  <testcase classname="utilities.ExelDP" name="readDP" time="0.001"/>
  <testcase classname="utilities.ExelDP" name="readDP" time="0.000"/>
  <testcase classname="utilities.ExelDP" name="readDP" time="0.000"/>
  <testcase classname="utilities.ExelDP" name="readDP" time="0.001"/>
  <testcase classname="utilities.ExelDP" name="readDP" time="0.003"/>
  <testcase classname="utilities.ExelDP" name="readDP" time="0.002"/>
  <testcase classname="utilities.ExelDP" name="readDP" time="0.002"/>
  <testcase classname="utilities.ExelDP" name="readDP" time="0.001"/>
  <testcase classname="utilities.ExelDP" name="readDP" time="0.002"/>
  <testcase classname="utilities.ExelDP" name="readDP" time="0.001"/>
  <testcase classname="utilities.ExelDP" name="readDP" time="0.001"/>
  <testcase classname="utilities.ExelDP" name="readDP" time="0.001"/>
  <testcase classname="utilities.ExelDP" name="readDP" time="0.001"/>
  <testcase classname="utilities.ExelDP" name="readDP" time="0.001"/>
  <testcase classname="utilities.ExelDP" name="readDP" time="0.000"/>
  <testcase classname="utilities.ExelDP" name="readDP" time="0.001"/>
  <testcase classname="utilities.ExelDP" name="readDP" time="0.001"/>
  <testcase classname="utilities.ExelDP" name="readDP" time="0.000"/>
  <testcase classname="utilities.ExelDP" name="readDP" time="0.002"/>
  <testcase classname="utilities.ExelDP" name="readDP" time="0.043"/>
  <testcase classname="utilities.ExelDP" name="readDP" time="0.000"/>
  <testcase classname="utilities.ExelDP" name="readDP" time="0.000"/>
  <testcase classname="utilities.ExelDP" name="readDP" time="0.001"/>
  <testcase classname="utilities.ExelDP" name="readDP" time="0.001"/>
  <testcase classname="utilities.ExelDP" name="readDP" time="0.000"/>
  <testcase classname="utilities.ExelDP" name="readDP" time="0.001"/>
  <testcase classname="utilities.ExelDP" name="readDP" time="0.001"/>
  <testcase classname="utilities.ExelDP" name="readDP" time="0.000"/>
  <testcase classname="utilities.ExelDP" name="readDP" time="0.001"/>
  <testcase classname="utilities.ExelDP" name="readDP" time="0.000"/>
  <testcase classname="utilities.ExelDP" name="readDP" time="0.001"/>
  <testcase classname="utilities.ExelDP" name="readDP" time="0.001"/>
  <testcase classname="utilities.ExelDP" name="readDP" time="0.001"/>
  <testcase classname="utilities.ExelDP" name="readDP" time="0.001"/>
  <testcase classname="utilities.ExelDP" name="readDP" time="0.001"/>
  <testcase classname="utilities.ExelDP" name="readDP" time="0.001"/>
  <testcase classname="utilities.ExelDP" name="readDP" time="0.002"/>
  <testcase classname="utilities.ExelDP" name="readDP" time="0.002"/>
  <testcase classname="utilities.ExelDP" name="readDP" time="0.003"/>
  <testcase classname="utilities.ExelDP" name="readDP" time="0.001"/>
  <testcase classname="utilities.ExelDP" name="readDP" time="0.015"/>
  <testcase classname="utilities.ExelDP" name="readDP" time="0.002"/>
  <testcase classname="utilities.ExelDP" name="readDP" time="0.000"/>
  <testcase classname="utilities.ExelDP" name="readDP" time="0.012"/>
  <testcase classname="utilities.ExelDP" name="readDP" time="0.001"/>
  <testcase classname="utilities.ExelDP" name="readDP" time="0.001"/>
  <testcase classname="utilities.ExelDP" name="readDP" time="0.003"/>
  <testcase classname="utilities.ExelDP" name="readDP" time="0.001"/>
  <testcase classname="utilities.ExelDP" name="readDP" time="0.000"/>
  <testcase classname="utilities.ExelDP" name="readDP" time="0.002"/>
  <testcase classname="utilities.ExelDP" name="readDP" time="0.001"/>
  <testcase classname="utilities.ExelDP" name="readDP" time="0.001"/>
  <testcase classname="utilities.ExelDP" name="readDP" time="0.000"/>
  <testcase classname="utilities.ExelDP" name="readDP" time="0.000"/>
  <testcase classname="utilities.ExelDP" name="readDP" time="0.003"/>
  <testcase classname="utilities.ExelDP" name="readDP" time="0.001"/>
  <testcase classname="utilities.ExelDP" name="readDP" time="0.001"/>
  <testcase classname="utilities.ExelDP" name="readDP" time="0.000"/>
  <testcase classname="utilities.ExelDP" name="readDP" time="0.006"/>
  <testcase classname="utilities.ExelDP" name="readDP" time="0.001"/>
  <testcase classname="utilities.ExelDP" name="readDP" time="0.001"/>
  <testcase classname="utilities.ExelDP" name="readDP" time="0.000"/>
  <testcase classname="utilities.ExelDP" name="readDP" time="0.001"/>
  <testcase classname="utilities.ExelDP" name="readDP" time="0.000"/>
  <testcase classname="utilities.ExelDP" name="readDP" time="0.000"/>
  <testcase classname="utilities.ExelDP" name="readDP" time="0.001"/>
  <testcase classname="utilities.ExelDP" name="readDP" time="0.001"/>
  <testcase classname="utilities.ExelDP" name="readDP" time="0.001"/>
  <testcase classname="utilities.ExelDP" name="readDP" time="0.001"/>
  <testcase classname="utilities.ExelDP" name="readDP" time="0.001"/>
  <testcase classname="utilities.ExelDP" name="readDP" time="0.001"/>
  <testcase classname="utilities.ExelDP" name="readDP" time="0.001"/>
  <testcase classname="utilities.ExelDP" name="readDP" time="0.001"/>
  <testcase classname="utilities.ExelDP" name="readDP" time="0.001"/>
  <testcase classname="utilities.ExelDP" name="readDP" time="0.001"/>
  <testcase classname="utilities.ExelDP" name="readDP" time="0.001"/>
  <testcase classname="utilities.ExelDP" name="readDP" time="0.001"/>
  <testcase classname="utilities.ExelDP" name="readDP" time="0.000"/>
  <testcase classname="utilities.ExelDP" name="readDP" time="0.001"/>
  <testcase classname="utilities.ExelDP" name="readDP" time="0.001"/>
  <testcase classname="utilities.ExelDP" name="readDP" time="0.001"/>
  <testcase classname="utilities.ExelDP" name="readDP" time="0.001"/>
  <testcase classname="utilities.ExelDP" name="readDP" time="0.001"/>
  <testcase classname="utilities.ExelDP" name="readDP" time="0.000"/>
  <testcase classname="utilities.ExelDP" name="readDP" time="0.000"/>
  <testcase classname="utilities.ExelDP" name="readDP" time="0.013"/>
  <testcase classname="utilities.ExelDP" name="readDP" time="0.010"/>
  <testcase classname="utilities.ExelDP" name="readDP" time="0.002"/>
  <testcase classname="utilities.ExelDP" name="readDP" time="0.000"/>
  <testcase classname="utilities.ExelDP" name="readDP" time="0.001"/>
  <testcase classname="utilities.ExelDP" name="readDP" time="0.000"/>
  <testcase classname="utilities.ExelDP" name="readDP" time="0.001"/>
  <testcase classname="utilities.ExelDP" name="readDP" time="0.002"/>
  <testcase classname="utilities.ExelDP" name="readDP" time="0.001"/>
  <testcase classname="utilities.ExelDP" name="readDP" time="0.001"/>
  <testcase classname="utilities.ExelDP" name="readDP" time="0.003"/>
  <testcase classname="utilities.ExelDP" name="readDP" time="0.001"/>
  <testcase classname="utilities.ExelDP" name="readDP" time="0.000"/>
  <testcase classname="utilities.ExelDP" name="readDP" time="0.001"/>
  <testcase classname="utilities.ExelDP" name="readDP" time="0.001"/>
  <testcase classname="utilities.ExelDP" name="readDP" time="0.002"/>
  <testcase classname="utilities.ExelDP" name="readDP" time="0.000"/>
  <testcase classname="utilities.ExelDP" name="readDP" time="0.003"/>
  <testcase classname="utilities.ExelDP" name="readDP" time="0.005"/>
  <testcase classname="utilities.ExelDP" name="readDP" time="0.000"/>
  <testcase classname="utilities.ExelDP" name="readDP" time="0.001"/>
  <testcase classname="utilities.ExelDP" name="readDP" time="0.000"/>
  <testcase classname="utilities.ExelDP" name="readDP" time="0.002"/>
  <testcase classname="utilities.ExelDP" name="readDP" time="0.002"/>
  <testcase classname="utilities.ExelDP" name="readDP" time="0.001"/>
  <testcase classname="utilities.ExelDP" name="readDP" time="0.001"/>
  <testcase classname="utilities.ExelDP" name="readDP" time="0.001"/>
  <testcase classname="utilities.ExelDP" name="readDP" time="0.001"/>
  <testcase classname="utilities.ExelDP" name="readDP" time="0.000"/>
  <testcase classname="utilities.ExelDP" name="readDP" time="0.001"/>
  <testcase classname="utilities.ExelDP" name="readDP" time="0.001"/>
  <testcase classname="utilities.ExelDP" name="readDP" time="0.001"/>
  <testcase classname="utilities.ExelDP" name="readDP" time="0.000"/>
  <testcase classname="utilities.ExelDP" name="readDP" time="0.002"/>
  <testcase classname="utilities.ExelDP" name="readDP" time="0.001"/>
  <testcase classname="utilities.ExelDP" name="readDP" time="0.003"/>
  <testcase classname="utilities.ExelDP" name="readDP" time="0.001"/>
  <testcase classname="utilities.ExelDP" name="readDP" time="0.001"/>
  <testcase classname="utilities.ExelDP" name="readDP" time="0.001"/>
  <testcase classname="utilities.ExelDP" name="readDP" time="0.000"/>
  <testcase classname="utilities.ExelDP" name="readDP" time="0.001"/>
  <testcase classname="utilities.ExelDP" name="readDP" time="0.001"/>
  <testcase classname="utilities.ExelDP" name="readDP" time="0.001"/>
  <testcase classname="utilities.ExelDP" name="readDP" time="0.001"/>
  <testcase classname="utilities.ExelDP" name="readDP" time="0.001"/>
  <testcase classname="utilities.ExelDP" name="readDP" time="0.000"/>
  <testcase classname="utilities.ExelDP" name="readDP" time="0.007"/>
  <testcase classname="utilities.ExelDP" name="readDP" time="0.000"/>
  <testcase classname="utilities.ExelDP" name="readDP" time="0.001"/>
  <testcase classname="utilities.ExelDP" name="readDP" time="0.001"/>
  <testcase classname="utilities.ExelDP" name="readDP" time="0.000"/>
  <testcase classname="utilities.ExelDP" name="readDP" time="0.002"/>
  <testcase classname="utilities.ExelDP" name="readDP" time="0.001"/>
  <testcase classname="utilities.ExelDP" name="readDP" time="0.004"/>
  <testcase classname="utilities.ExelDP" name="readDP" time="0.001"/>
  <testcase classname="utilities.ExelDP" name="readDP" time="0.002"/>
  <testcase classname="utilities.ExelDP" name="readDP" time="0.000"/>
  <testcase classname="utilities.ExelDP" name="readDP" time="0.000"/>
  <testcase classname="utilities.ExelDP" name="readDP" time="0.001"/>
  <testcase classname="utilities.ExelDP" name="readDP" time="0.003"/>
  <testcase classname="utilities.ExelDP" name="readDP" time="0.002"/>
  <testcase classname="utilities.ExelDP" name="readDP" time="0.000"/>
  <testcase classname="utilities.ExelDP" name="readDP" time="0.003"/>
  <testcase classname="utilities.ExelDP" name="readDP" time="0.001"/>
  <testcase classname="utilities.ExelDP" name="readDP" time="0.000"/>
  <testcase classname="utilities.ExelDP" name="readDP" time="0.001"/>
  <testcase classname="utilities.ExelDP" name="readDP" time="0.001"/>
  <testcase classname="utilities.ExelDP" name="readDP" time="0.001"/>
  <testcase classname="utilities.ExelDP" name="readDP" time="0.001"/>
  <testcase classname="utilities.ExelDP" name="readDP" time="0.000"/>
  <testcase classname="utilities.ExelDP" name="readDP" time="0.003"/>
  <testcase classname="utilities.ExelDP" name="readDP" time="0.000"/>
  <testcase classname="utilities.ExelDP" name="readDP" time="0.001"/>
  <testcase classname="utilities.ExelDP" name="readDP" time="0.002"/>
  <testcase classname="utilities.ExelDP" name="readDP" time="0.004"/>
  <testcase classname="utilities.ExelDP" name="readDP" time="0.003"/>
  <testcase classname="utilities.ExelDP" name="readDP" time="0.003"/>
  <testcase classname="utilities.ExelDP" name="readDP" time="0.001"/>
  <testcase classname="utilities.ExelDP" name="readDP" time="0.003"/>
  <testcase classname="utilities.ExelDP" name="readDP" time="0.004"/>
  <testcase classname="utilities.ExelDP" name="readDP" time="0.001"/>
  <testcase classname="utilities.ExelDP" name="readDP" time="0.001"/>
  <testcase classname="utilities.ExelDP" name="readDP" time="0.000"/>
  <testcase classname="utilities.ExelDP" name="readDP" time="0.001"/>
  <testcase classname="utilities.ExelDP" name="readDP" time="0.001"/>
  <testcase classname="utilities.ExelDP" name="readDP" time="0.000"/>
  <testcase classname="utilities.ExelDP" name="readDP" time="0.000"/>
  <testcase classname="utilities.ExelDP" name="readDP" time="0.001"/>
  <testcase classname="utilities.ExelDP" name="readDP" time="0.000"/>
  <testcase classname="utilities.ExelDP" name="readDP" time="0.000"/>
  <testcase classname="utilities.ExelDP" name="readDP" time="0.000"/>
  <testcase classname="utilities.ExelDP" name="readDP" time="0.000"/>
  <testcase classname="utilities.ExelDP" name="readDP" time="0.002"/>
  <testcase classname="utilities.ExelDP" name="readDP" time="0.001"/>
  <testcase classname="utilities.ExelDP" name="readDP" time="0.001"/>
  <testcase classname="utilities.ExelDP" name="readDP" time="0.001"/>
  <testcase classname="utilities.ExelDP" name="readDP" time="0.001"/>
  <testcase classname="utilities.ExelDP" name="readDP" time="0.000"/>
  <testcase classname="utilities.ExelDP" name="readDP" time="0.001"/>
  <testcase classname="utilities.ExelDP" name="readDP" time="0.001"/>
  <testcase classname="utilities.ExelDP" name="readDP" time="0.000"/>
  <testcase classname="utilities.ExelDP" name="readDP" time="0.004"/>
  <testcase classname="utilities.ExelDP" name="readDP" time="0.001"/>
  <testcase classname="utilities.ExelDP" name="readDP" time="0.007"/>
  <testcase classname="utilities.ExelDP" name="readDP" time="0.002"/>
  <testcase classname="utilities.ExelDP" name="readDP" time="0.032"/>
  <testcase classname="utilities.ExelDP" name="readDP" time="0.001"/>
  <testcase classname="utilities.ExelDP" name="readDP" time="0.001"/>
  <testcase classname="utilities.ExelDP" name="readDP" time="0.000"/>
  <testcase classname="utilities.ExelDP" name="readDP" time="0.000"/>
  <testcase classname="utilities.ExelDP" name="readDP" time="0.001"/>
  <testcase classname="utilities.ExelDP" name="readDP" time="0.000"/>
  <testcase classname="utilities.ExelDP" name="readDP" time="0.001"/>
  <testcase classname="utilities.ExelDP" name="readDP" time="0.001"/>
  <testcase classname="utilities.ExelDP" name="readDP" time="0.001"/>
  <testcase classname="utilities.ExelDP" name="readDP" time="0.001"/>
  <testcase classname="utilities.ExelDP" name="readDP" time="0.005"/>
  <testcase classname="utilities.ExelDP" name="readDP" time="0.001"/>
  <testcase classname="utilities.ExelDP" name="readDP" time="0.001"/>
  <testcase classname="utilities.ExelDP" name="readDP" time="0.007"/>
  <testcase classname="utilities.ExelDP" name="readDP" time="0.001"/>
  <testcase classname="utilities.ExelDP" name="readDP" time="0.000"/>
  <testcase classname="utilities.ExelDP" name="readDP" time="0.001"/>
  <testcase classname="utilities.ExelDP" name="readDP" time="0.001"/>
  <testcase classname="utilities.ExelDP" name="readDP" time="0.001"/>
  <testcase classname="utilities.ExelDP" name="readDP" time="0.001"/>
  <testcase classname="utilities.ExelDP" name="readDP" time="0.000"/>
  <testcase classname="utilities.ExelDP" name="readDP" time="0.002"/>
  <testcase classname="utilities.ExelDP" name="readDP" time="0.002"/>
  <testcase classname="utilities.ExelDP" name="readDP" time="0.000"/>
  <testcase classname="utilities.ExelDP" name="readDP" time="0.001"/>
  <testcase classname="utilities.ExelDP" name="readDP" time="0.001"/>
  <testcase classname="utilities.ExelDP" name="readDP" time="0.000"/>
  <testcase classname="utilities.ExelDP" name="readDP" time="0.002"/>
  <testcase classname="utilities.ExelDP" name="readDP" time="0.000"/>
  <testcase classname="utilities.ExelDP" name="readDP" time="0.001"/>
  <testcase classname="utilities.ExelDP" name="readDP" time="0.000"/>
  <testcase classname="utilities.ExelDP" name="readDP" time="0.000"/>
  <testcase classname="utilities.ExelDP" name="readDP" time="0.003"/>
  <testcase classname="utilities.ExelDP" name="readDP" time="0.003"/>
  <testcase classname="utilities.ExelDP" name="readDP" time="0.000"/>
  <testcase classname="utilities.ExelDP" name="readDP" time="0.001"/>
  <testcase classname="utilities.ExelDP" name="readDP" time="0.001"/>
  <testcase classname="utilities.ExelDP" name="readDP" time="0.000"/>
  <testcase classname="utilities.ExelDP" name="readDP" time="0.001"/>
  <testcase classname="utilities.ExelDP" name="readDP" time="0.000"/>
  <testcase classname="utilities.ExelDP" name="readDP" time="0.001"/>
  <testcase classname="utilities.ExelDP" name="readDP" time="0.000"/>
  <testcase classname="utilities.ExelDP" name="readDP" time="0.001"/>
  <testcase classname="utilities.ExelDP" name="readDP" time="0.002"/>
  <testcase classname="utilities.ExelDP" name="readDP" time="0.001"/>
  <testcase classname="utilities.ExelDP" name="readDP" time="0.007"/>
  <testcase classname="utilities.ExelDP" name="readDP" time="0.001"/>
  <testcase classname="utilities.ExelDP" name="readDP" time="0.001"/>
  <testcase classname="utilities.ExelDP" name="readDP" time="0.000"/>
  <testcase classname="utilities.ExelDP" name="readDP" time="0.001"/>
  <testcase classname="utilities.ExelDP" name="readDP" time="0.001"/>
  <testcase classname="utilities.ExelDP" name="readDP" time="0.000"/>
  <testcase classname="utilities.ExelDP" name="readDP" time="0.001"/>
  <testcase classname="utilities.ExelDP" name="readDP" time="0.002"/>
  <testcase classname="utilities.ExelDP" name="readDP" time="0.001"/>
  <testcase classname="utilities.ExelDP" name="readDP" time="0.001"/>
  <testcase classname="utilities.ExelDP" name="readDP" time="0.000"/>
  <testcase classname="utilities.ExelDP" name="readDP" time="0.000"/>
  <testcase classname="utilities.ExelDP" name="readDP" time="0.001"/>
  <testcase classname="utilities.ExelDP" name="readDP" time="0.001"/>
  <testcase classname="utilities.ExelDP" name="readDP" time="0.002"/>
  <testcase classname="utilities.ExelDP" name="readDP" time="0.003"/>
  <testcase classname="utilities.ExelDP" name="readDP" time="0.002"/>
  <testcase classname="utilities.ExelDP" name="readDP" time="0.000"/>
  <testcase classname="utilities.ExelDP" name="readDP" time="0.001"/>
  <testcase classname="utilities.ExelDP" name="readDP" time="0.000"/>
  <testcase classname="utilities.ExelDP" name="readDP" time="0.001"/>
  <testcase classname="utilities.ExelDP" name="readDP" time="0.001"/>
  <testcase classname="utilities.ExelDP" name="readDP" time="0.001"/>
  <testcase classname="utilities.ExelDP" name="readDP" time="0.001"/>
  <testcase classname="utilities.ExelDP" name="readDP" time="0.000"/>
  <testcase classname="utilities.ExelDP" name="readDP" time="0.004"/>
  <testcase classname="utilities.ExelDP" name="readDP" time="0.001"/>
  <testcase classname="utilities.ExelDP" name="readDP" time="0.001"/>
  <testcase classname="utilities.ExelDP" name="readDP" time="0.002"/>
  <testcase classname="utilities.ExelDP" name="readDP" time="0.006"/>
  <testcase classname="utilities.ExelDP" name="readDP" time="0.003"/>
  <testcase classname="utilities.ExelDP" name="readDP" time="0.000"/>
  <testcase classname="utilities.ExelDP" name="readDP" time="0.001"/>
  <testcase classname="utilities.ExelDP" name="readDP" time="0.015"/>
  <testcase classname="utilities.ExelDP" name="readDP" time="0.000"/>
  <testcase classname="utilities.ExelDP" name="readDP" time="0.001"/>
  <testcase classname="utilities.ExelDP" name="readDP" time="0.001"/>
  <testcase classname="utilities.ExelDP" name="readDP" time="0.000"/>
  <testcase classname="utilities.ExelDP" name="readDP" time="0.001"/>
  <testcase classname="utilities.ExelDP" name="readDP" time="0.000"/>
  <testcase classname="utilities.ExelDP" name="readDP" time="0.001"/>
  <testcase classname="utilities.ExelDP" name="readDP" time="0.001"/>
  <testcase classname="utilities.ExelDP" name="readDP" time="0.001"/>
  <testcase classname="utilities.ExelDP" name="readDP" time="0.001"/>
  <testcase classname="utilities.ExelDP" name="readDP" time="0.001"/>
  <testcase classname="utilities.ExelDP" name="readDP" time="0.000"/>
  <testcase classname="utilities.ExelDP" name="readDP" time="0.002"/>
  <testcase classname="utilities.ExelDP" name="readDP" time="0.001"/>
  <testcase classname="utilities.ExelDP" name="readDP" time="0.000"/>
  <testcase classname="utilities.ExelDP" name="readDP" time="0.001"/>
  <testcase classname="utilities.ExelDP" name="readDP" time="0.001"/>
  <testcase classname="utilities.ExelDP" name="readDP" time="0.001"/>
  <testcase classname="utilities.ExelDP" name="readDP" time="0.000"/>
  <testcase classname="utilities.ExelDP" name="readDP" time="0.001"/>
  <testcase classname="utilities.ExelDP" name="readDP" time="0.003"/>
  <testcase classname="utilities.ExelDP" name="readDP" time="0.001"/>
  <testcase classname="utilities.ExelDP" name="readDP" time="0.006"/>
  <testcase classname="utilities.ExelDP" name="readDP" time="0.034"/>
  <testcase classname="utilities.ExelDP" name="readDP" time="0.001"/>
  <testcase classname="utilities.ExelDP" name="readDP" time="0.000"/>
  <testcase classname="utilities.ExelDP" name="readDP" time="0.001"/>
  <testcase classname="utilities.ExelDP" name="readDP" time="0.000"/>
  <testcase classname="utilities.ExelDP" name="readDP" time="0.016"/>
  <testcase classname="utilities.ExelDP" name="readDP" time="0.000"/>
  <testcase classname="utilities.ExelDP" name="readDP" time="0.002"/>
  <testcase classname="utilities.ExelDP" name="readDP" time="0.001"/>
  <testcase classname="utilities.ExelDP" name="readDP" time="0.000"/>
  <testcase classname="utilities.ExelDP" name="readDP" time="0.001"/>
  <testcase classname="utilities.ExelDP" name="readDP" time="0.000"/>
  <testcase classname="utilities.ExelDP" name="readDP" time="0.001"/>
  <testcase classname="utilities.ExelDP" name="readDP" time="0.000"/>
  <testcase classname="utilities.ExelDP" name="readDP" time="0.006"/>
  <testcase classname="utilities.ExelDP" name="readDP" time="0.005"/>
  <testcase classname="utilities.ExelDP" name="readDP" time="0.001"/>
  <testcase classname="utilities.ExelDP" name="readDP" time="0.001"/>
  <testcase classname="utilities.ExelDP" name="readDP" time="0.000"/>
  <testcase classname="utilities.ExelDP" name="readDP" time="0.001"/>
  <testcase classname="utilities.ExelDP" name="readDP" time="0.006"/>
  <testcase classname="utilities.ExelDP" name="readDP" time="0.001"/>
  <testcase classname="utilities.ExelDP" name="readDP" time="0.007"/>
  <testcase classname="utilities.ExelDP" name="readDP" time="0.001"/>
  <testcase classname="utilities.ExelDP" name="readDP" time="0.002"/>
  <testcase classname="utilities.ExelDP" name="readDP" time="0.002"/>
  <testcase classname="utilities.ExelDP" name="readDP" time="0.002"/>
  <testcase classname="utilities.ExelDP" name="readDP" time="0.000"/>
  <testcase classname="utilities.ExelDP" name="readDP" time="0.001"/>
  <testcase classname="utilities.ExelDP" name="readDP" time="0.002"/>
  <testcase classname="utilities.ExelDP" name="readDP" time="0.000"/>
  <testcase classname="utilities.ExelDP" name="readDP" time="0.001"/>
  <testcase classname="utilities.ExelDP" name="readDP" time="0.001"/>
  <testcase classname="utilities.ExelDP" name="readDP" time="0.000"/>
  <testcase classname="utilities.ExelDP" name="readDP" time="0.000"/>
  <testcase classname="utilities.ExelDP" name="readDP" time="0.001"/>
  <testcase classname="utilities.ExelDP" name="readDP" time="0.001"/>
  <testcase classname="utilities.ExelDP" name="readDP" time="0.000"/>
  <testcase classname="utilities.ExelDP" name="readDP" time="0.003"/>
  <testcase classname="utilities.ExelDP" name="readDP" time="0.001"/>
  <testcase classname="utilities.ExelDP" name="readDP" time="0.001"/>
  <testcase classname="utilities.ExelDP" name="readDP" time="0.001"/>
  <testcase classname="utilities.ExelDP" name="readDP" time="0.002"/>
  <testcase classname="utilities.ExelDP" name="readDP" time="0.001"/>
  <testcase classname="utilities.ExelDP" name="readDP" time="0.001"/>
  <testcase classname="utilities.ExelDP" name="readDP" time="0.001"/>
  <testcase classname="utilities.ExelDP" name="readDP" time="0.001"/>
  <testcase classname="utilities.ExelDP" name="readDP" time="0.002"/>
  <testcase classname="utilities.ExelDP" name="readDP" time="0.001"/>
  <testcase classname="utilities.ExelDP" name="readDP" time="0.001"/>
  <testcase classname="utilities.ExelDP" name="readDP" time="0.001"/>
  <testcase classname="utilities.ExelDP" name="readDP" time="0.002"/>
  <testcase classname="utilities.ExelDP" name="readDP" time="0.000"/>
  <testcase classname="utilities.ExelDP" name="readDP" time="0.002"/>
  <testcase classname="utilities.ExelDP" name="readDP" time="0.001"/>
  <testcase classname="utilities.ExelDP" name="readDP" time="0.000"/>
  <testcase classname="utilities.ExelDP" name="readDP" time="0.001"/>
  <testcase classname="utilities.ExelDP" name="readDP" time="0.001"/>
  <testcase classname="utilities.ExelDP" name="readDP" time="0.001"/>
  <testcase classname="utilities.ExelDP" name="readDP" time="0.000"/>
  <testcase classname="utilities.ExelDP" name="readDP" time="0.001"/>
  <testcase classname="utilities.ExelDP" name="readDP" time="0.001"/>
  <testcase classname="utilities.ExelDP" name="readDP" time="0.001"/>
  <testcase classname="utilities.ExelDP" name="readDP" time="0.001"/>
  <testcase classname="utilities.ExelDP" name="readDP" time="0.002"/>
  <testcase classname="utilities.ExelDP" name="readDP" time="0.002"/>
  <testcase classname="utilities.ExelDP" name="readDP" time="0.001"/>
  <testcase classname="utilities.ExelDP" name="readDP" time="0.000"/>
  <testcase classname="utilities.ExelDP" name="readDP" time="0.002"/>
  <testcase classname="utilities.ExelDP" name="readDP" time="0.002"/>
  <testcase classname="utilities.ExelDP" name="readDP" time="0.004"/>
  <testcase classname="utilities.ExelDP" name="readDP" time="0.000"/>
  <testcase classname="utilities.ExelDP" name="readDP" time="0.001"/>
  <testcase classname="utilities.ExelDP" name="readDP" time="0.000"/>
  <testcase classname="utilities.ExelDP" name="readDP" time="0.001"/>
  <testcase classname="utilities.ExelDP" name="readDP" time="0.001"/>
  <testcase classname="utilities.ExelDP" name="readDP" time="0.001"/>
  <testcase classname="utilities.ExelDP" name="readDP" time="0.001"/>
  <testcase classname="utilities.ExelDP" name="readDP" time="0.000"/>
  <testcase classname="utilities.ExelDP" name="readDP" time="0.001"/>
  <testcase classname="utilities.ExelDP" name="readDP" time="0.001"/>
  <testcase classname="utilities.ExelDP" name="readDP" time="0.001"/>
  <testcase classname="utilities.ExelDP" name="readDP" time="0.003"/>
  <testcase classname="utilities.ExelDP" name="readDP" time="0.000"/>
</testsuite> <!-- utilities.ExelDP -->
