<?xml version="1.0" encoding="UTF-8"?>
<!-- Generated by org.testng.reporters.JUnitReportReporter -->
<testsuite hostname="DESKTOP-OMV2D25" failures="0" tests="1" name="testLayer.AddProductToCart" time="9.417" errors="0" timestamp="2024-04-25T18:44:05 IST" skipped="0">
  <testcase classname="testLayer.AddProductToCart" name="getAllCategoriesName" time="9.417"/>
</testsuite> <!-- testLayer.AddProductToCart -->
