<?xml version="1.0" encoding="UTF-8"?>
<!-- Generated by org.testng.reporters.JUnitReportReporter -->
<testsuite hostname="DESKTOP-OMV2D25" failures="0" tests="577" name="utilities.ExcelSheetCode" time="0.622" errors="0" timestamp="2024-04-10T16:59:27 IST" skipped="0">
  <testcase classname="utilities.ExcelSheetCode" name="data" time="0.001"/>
  <testcase classname="utilities.ExcelSheetCode" name="data" time="0.001"/>
  <testcase classname="utilities.ExcelSheetCode" name="data" time="0.003"/>
  <testcase classname="utilities.ExcelSheetCode" name="data" time="0.001"/>
  <testcase classname="utilities.ExcelSheetCode" name="data" time="0.000"/>
  <testcase classname="utilities.ExcelSheetCode" name="data" time="0.001"/>
  <testcase classname="utilities.ExcelSheetCode" name="data" time="0.003"/>
  <testcase classname="utilities.ExcelSheetCode" name="data" time="0.000"/>
  <testcase classname="utilities.ExcelSheetCode" name="data" time="0.000"/>
  <testcase classname="utilities.ExcelSheetCode" name="data" time="0.001"/>
  <testcase classname="utilities.ExcelSheetCode" name="data" time="0.001"/>
  <testcase classname="utilities.ExcelSheetCode" name="data" time="0.000"/>
  <testcase classname="utilities.ExcelSheetCode" name="data" time="0.001"/>
  <testcase classname="utilities.ExcelSheetCode" name="data" time="0.000"/>
  <testcase classname="utilities.ExcelSheetCode" name="data" time="0.000"/>
  <testcase classname="utilities.ExcelSheetCode" name="data" time="0.002"/>
  <testcase classname="utilities.ExcelSheetCode" name="data" time="0.000"/>
  <testcase classname="utilities.ExcelSheetCode" name="data" time="0.000"/>
  <testcase classname="utilities.ExcelSheetCode" name="data" time="0.001"/>
  <testcase classname="utilities.ExcelSheetCode" name="data" time="0.003"/>
  <testcase classname="utilities.ExcelSheetCode" name="data" time="0.000"/>
  <testcase classname="utilities.ExcelSheetCode" name="data" time="0.000"/>
  <testcase classname="utilities.ExcelSheetCode" name="data" time="0.000"/>
  <testcase classname="utilities.ExcelSheetCode" name="data" time="0.000"/>
  <testcase classname="utilities.ExcelSheetCode" name="data" time="0.000"/>
  <testcase classname="utilities.ExcelSheetCode" name="data" time="0.001"/>
  <testcase classname="utilities.ExcelSheetCode" name="data" time="0.001"/>
  <testcase classname="utilities.ExcelSheetCode" name="data" time="0.001"/>
  <testcase classname="utilities.ExcelSheetCode" name="data" time="0.001"/>
  <testcase classname="utilities.ExcelSheetCode" name="data" time="0.002"/>
  <testcase classname="utilities.ExcelSheetCode" name="data" time="0.001"/>
  <testcase classname="utilities.ExcelSheetCode" name="data" time="0.001"/>
  <testcase classname="utilities.ExcelSheetCode" name="data" time="0.001"/>
  <testcase classname="utilities.ExcelSheetCode" name="data" time="0.001"/>
  <testcase classname="utilities.ExcelSheetCode" name="data" time="0.001"/>
  <testcase classname="utilities.ExcelSheetCode" name="data" time="0.001"/>
  <testcase classname="utilities.ExcelSheetCode" name="data" time="0.001"/>
  <testcase classname="utilities.ExcelSheetCode" name="data" time="0.001"/>
  <testcase classname="utilities.ExcelSheetCode" name="data" time="0.001"/>
  <testcase classname="utilities.ExcelSheetCode" name="data" time="0.001"/>
  <testcase classname="utilities.ExcelSheetCode" name="data" time="0.000"/>
  <testcase classname="utilities.ExcelSheetCode" name="data" time="0.000"/>
  <testcase classname="utilities.ExcelSheetCode" name="data" time="0.001"/>
  <testcase classname="utilities.ExcelSheetCode" name="data" time="0.000"/>
  <testcase classname="utilities.ExcelSheetCode" name="data" time="0.002"/>
  <testcase classname="utilities.ExcelSheetCode" name="data" time="0.001"/>
  <testcase classname="utilities.ExcelSheetCode" name="data" time="0.001"/>
  <testcase classname="utilities.ExcelSheetCode" name="data" time="0.001"/>
  <testcase classname="utilities.ExcelSheetCode" name="data" time="0.000"/>
  <testcase classname="utilities.ExcelSheetCode" name="data" time="0.000"/>
  <testcase classname="utilities.ExcelSheetCode" name="data" time="0.001"/>
  <testcase classname="utilities.ExcelSheetCode" name="data" time="0.000"/>
  <testcase classname="utilities.ExcelSheetCode" name="data" time="0.000"/>
  <testcase classname="utilities.ExcelSheetCode" name="data" time="0.003"/>
  <testcase classname="utilities.ExcelSheetCode" name="data" time="0.000"/>
  <testcase classname="utilities.ExcelSheetCode" name="data" time="0.000"/>
  <testcase classname="utilities.ExcelSheetCode" name="data" time="0.000"/>
  <testcase classname="utilities.ExcelSheetCode" name="data" time="0.001"/>
  <testcase classname="utilities.ExcelSheetCode" name="data" time="0.001"/>
  <testcase classname="utilities.ExcelSheetCode" name="data" time="0.001"/>
  <testcase classname="utilities.ExcelSheetCode" name="data" time="0.000"/>
  <testcase classname="utilities.ExcelSheetCode" name="data" time="0.000"/>
  <testcase classname="utilities.ExcelSheetCode" name="data" time="0.001"/>
  <testcase classname="utilities.ExcelSheetCode" name="data" time="0.001"/>
  <testcase classname="utilities.ExcelSheetCode" name="data" time="0.001"/>
  <testcase classname="utilities.ExcelSheetCode" name="data" time="0.000"/>
  <testcase classname="utilities.ExcelSheetCode" name="data" time="0.003"/>
  <testcase classname="utilities.ExcelSheetCode" name="data" time="0.001"/>
  <testcase classname="utilities.ExcelSheetCode" name="data" time="0.001"/>
  <testcase classname="utilities.ExcelSheetCode" name="data" time="0.001"/>
  <testcase classname="utilities.ExcelSheetCode" name="data" time="0.001"/>
  <testcase classname="utilities.ExcelSheetCode" name="data" time="0.002"/>
  <testcase classname="utilities.ExcelSheetCode" name="data" time="0.001"/>
  <testcase classname="utilities.ExcelSheetCode" name="data" time="0.001"/>
  <testcase classname="utilities.ExcelSheetCode" name="data" time="0.001"/>
  <testcase classname="utilities.ExcelSheetCode" name="data" time="0.000"/>
  <testcase classname="utilities.ExcelSheetCode" name="data" time="0.001"/>
  <testcase classname="utilities.ExcelSheetCode" name="data" time="0.002"/>
  <testcase classname="utilities.ExcelSheetCode" name="data" time="0.001"/>
  <testcase classname="utilities.ExcelSheetCode" name="data" time="0.004"/>
  <testcase classname="utilities.ExcelSheetCode" name="data" time="0.001"/>
  <testcase classname="utilities.ExcelSheetCode" name="data" time="0.001"/>
  <testcase classname="utilities.ExcelSheetCode" name="data" time="0.001"/>
  <testcase classname="utilities.ExcelSheetCode" name="data" time="0.000"/>
  <testcase classname="utilities.ExcelSheetCode" name="data" time="0.001"/>
  <testcase classname="utilities.ExcelSheetCode" name="data" time="0.001"/>
  <testcase classname="utilities.ExcelSheetCode" name="data" time="0.000"/>
  <testcase classname="utilities.ExcelSheetCode" name="data" time="0.011"/>
  <testcase classname="utilities.ExcelSheetCode" name="data" time="0.001"/>
  <testcase classname="utilities.ExcelSheetCode" name="data" time="0.000"/>
  <testcase classname="utilities.ExcelSheetCode" name="data" time="0.001"/>
  <testcase classname="utilities.ExcelSheetCode" name="data" time="0.001"/>
  <testcase classname="utilities.ExcelSheetCode" name="data" time="0.001"/>
  <testcase classname="utilities.ExcelSheetCode" name="data" time="0.002"/>
  <testcase classname="utilities.ExcelSheetCode" name="data" time="0.001"/>
  <testcase classname="utilities.ExcelSheetCode" name="data" time="0.001"/>
  <testcase classname="utilities.ExcelSheetCode" name="data" time="0.001"/>
  <testcase classname="utilities.ExcelSheetCode" name="data" time="0.000"/>
  <testcase classname="utilities.ExcelSheetCode" name="data" time="0.002"/>
  <testcase classname="utilities.ExcelSheetCode" name="data" time="0.001"/>
  <testcase classname="utilities.ExcelSheetCode" name="data" time="0.006"/>
  <testcase classname="utilities.ExcelSheetCode" name="data" time="0.000"/>
  <testcase classname="utilities.ExcelSheetCode" name="data" time="0.001"/>
  <testcase classname="utilities.ExcelSheetCode" name="data" time="0.000"/>
  <testcase classname="utilities.ExcelSheetCode" name="data" time="0.001"/>
  <testcase classname="utilities.ExcelSheetCode" name="data" time="0.002"/>
  <testcase classname="utilities.ExcelSheetCode" name="data" time="0.002"/>
  <testcase classname="utilities.ExcelSheetCode" name="data" time="0.001"/>
  <testcase classname="utilities.ExcelSheetCode" name="data" time="0.001"/>
  <testcase classname="utilities.ExcelSheetCode" name="data" time="0.001"/>
  <testcase classname="utilities.ExcelSheetCode" name="data" time="0.000"/>
  <testcase classname="utilities.ExcelSheetCode" name="data" time="0.006"/>
  <testcase classname="utilities.ExcelSheetCode" name="data" time="0.001"/>
  <testcase classname="utilities.ExcelSheetCode" name="data" time="0.001"/>
  <testcase classname="utilities.ExcelSheetCode" name="data" time="0.000"/>
  <testcase classname="utilities.ExcelSheetCode" name="data" time="0.000"/>
  <testcase classname="utilities.ExcelSheetCode" name="data" time="0.000"/>
  <testcase classname="utilities.ExcelSheetCode" name="data" time="0.001"/>
  <testcase classname="utilities.ExcelSheetCode" name="data" time="0.001"/>
  <testcase classname="utilities.ExcelSheetCode" name="data" time="0.000"/>
  <testcase classname="utilities.ExcelSheetCode" name="data" time="0.000"/>
  <testcase classname="utilities.ExcelSheetCode" name="data" time="0.000"/>
  <testcase classname="utilities.ExcelSheetCode" name="data" time="0.001"/>
  <testcase classname="utilities.ExcelSheetCode" name="data" time="0.000"/>
  <testcase classname="utilities.ExcelSheetCode" name="data" time="0.002"/>
  <testcase classname="utilities.ExcelSheetCode" name="data" time="0.001"/>
  <testcase classname="utilities.ExcelSheetCode" name="data" time="0.002"/>
  <testcase classname="utilities.ExcelSheetCode" name="data" time="0.001"/>
  <testcase classname="utilities.ExcelSheetCode" name="data" time="0.000"/>
  <testcase classname="utilities.ExcelSheetCode" name="data" time="0.000"/>
  <testcase classname="utilities.ExcelSheetCode" name="data" time="0.003"/>
  <testcase classname="utilities.ExcelSheetCode" name="data" time="0.001"/>
  <testcase classname="utilities.ExcelSheetCode" name="data" time="0.000"/>
  <testcase classname="utilities.ExcelSheetCode" name="data" time="0.000"/>
  <testcase classname="utilities.ExcelSheetCode" name="data" time="0.001"/>
  <testcase classname="utilities.ExcelSheetCode" name="data" time="0.001"/>
  <testcase classname="utilities.ExcelSheetCode" name="data" time="0.002"/>
  <testcase classname="utilities.ExcelSheetCode" name="data" time="0.002"/>
  <testcase classname="utilities.ExcelSheetCode" name="data" time="0.001"/>
  <testcase classname="utilities.ExcelSheetCode" name="data" time="0.001"/>
  <testcase classname="utilities.ExcelSheetCode" name="data" time="0.002"/>
  <testcase classname="utilities.ExcelSheetCode" name="data" time="0.001"/>
  <testcase classname="utilities.ExcelSheetCode" name="data" time="0.005"/>
  <testcase classname="utilities.ExcelSheetCode" name="data" time="0.001"/>
  <testcase classname="utilities.ExcelSheetCode" name="data" time="0.002"/>
  <testcase classname="utilities.ExcelSheetCode" name="data" time="0.001"/>
  <testcase classname="utilities.ExcelSheetCode" name="data" time="0.000"/>
  <testcase classname="utilities.ExcelSheetCode" name="data" time="0.000"/>
  <testcase classname="utilities.ExcelSheetCode" name="data" time="0.002"/>
  <testcase classname="utilities.ExcelSheetCode" name="data" time="0.001"/>
  <testcase classname="utilities.ExcelSheetCode" name="data" time="0.000"/>
  <testcase classname="utilities.ExcelSheetCode" name="data" time="0.000"/>
  <testcase classname="utilities.ExcelSheetCode" name="data" time="0.000"/>
  <testcase classname="utilities.ExcelSheetCode" name="data" time="0.001"/>
  <testcase classname="utilities.ExcelSheetCode" name="data" time="0.000"/>
  <testcase classname="utilities.ExcelSheetCode" name="data" time="0.003"/>
  <testcase classname="utilities.ExcelSheetCode" name="data" time="0.001"/>
  <testcase classname="utilities.ExcelSheetCode" name="data" time="0.002"/>
  <testcase classname="utilities.ExcelSheetCode" name="data" time="0.004"/>
  <testcase classname="utilities.ExcelSheetCode" name="data" time="0.000"/>
  <testcase classname="utilities.ExcelSheetCode" name="data" time="0.001"/>
  <testcase classname="utilities.ExcelSheetCode" name="data" time="0.001"/>
  <testcase classname="utilities.ExcelSheetCode" name="data" time="0.000"/>
  <testcase classname="utilities.ExcelSheetCode" name="data" time="0.001"/>
  <testcase classname="utilities.ExcelSheetCode" name="data" time="0.001"/>
  <testcase classname="utilities.ExcelSheetCode" name="data" time="0.001"/>
  <testcase classname="utilities.ExcelSheetCode" name="data" time="0.001"/>
  <testcase classname="utilities.ExcelSheetCode" name="data" time="0.001"/>
  <testcase classname="utilities.ExcelSheetCode" name="data" time="0.000"/>
  <testcase classname="utilities.ExcelSheetCode" name="data" time="0.000"/>
  <testcase classname="utilities.ExcelSheetCode" name="data" time="0.001"/>
  <testcase classname="utilities.ExcelSheetCode" name="data" time="0.002"/>
  <testcase classname="utilities.ExcelSheetCode" name="data" time="0.001"/>
  <testcase classname="utilities.ExcelSheetCode" name="data" time="0.000"/>
  <testcase classname="utilities.ExcelSheetCode" name="data" time="0.000"/>
  <testcase classname="utilities.ExcelSheetCode" name="data" time="0.000"/>
  <testcase classname="utilities.ExcelSheetCode" name="data" time="0.001"/>
  <testcase classname="utilities.ExcelSheetCode" name="data" time="0.001"/>
  <testcase classname="utilities.ExcelSheetCode" name="data" time="0.011"/>
  <testcase classname="utilities.ExcelSheetCode" name="data" time="0.000"/>
  <testcase classname="utilities.ExcelSheetCode" name="data" time="0.001"/>
  <testcase classname="utilities.ExcelSheetCode" name="data" time="0.001"/>
  <testcase classname="utilities.ExcelSheetCode" name="data" time="0.001"/>
  <testcase classname="utilities.ExcelSheetCode" name="data" time="0.003"/>
  <testcase classname="utilities.ExcelSheetCode" name="data" time="0.001"/>
  <testcase classname="utilities.ExcelSheetCode" name="data" time="0.001"/>
  <testcase classname="utilities.ExcelSheetCode" name="data" time="0.001"/>
  <testcase classname="utilities.ExcelSheetCode" name="data" time="0.000"/>
  <testcase classname="utilities.ExcelSheetCode" name="data" time="0.001"/>
  <testcase classname="utilities.ExcelSheetCode" name="data" time="0.000"/>
  <testcase classname="utilities.ExcelSheetCode" name="data" time="0.001"/>
  <testcase classname="utilities.ExcelSheetCode" name="data" time="0.001"/>
  <testcase classname="utilities.ExcelSheetCode" name="data" time="0.000"/>
  <testcase classname="utilities.ExcelSheetCode" name="data" time="0.000"/>
  <testcase classname="utilities.ExcelSheetCode" name="data" time="0.001"/>
  <testcase classname="utilities.ExcelSheetCode" name="data" time="0.000"/>
  <testcase classname="utilities.ExcelSheetCode" name="data" time="0.001"/>
  <testcase classname="utilities.ExcelSheetCode" name="data" time="0.000"/>
  <testcase classname="utilities.ExcelSheetCode" name="data" time="0.001"/>
  <testcase classname="utilities.ExcelSheetCode" name="data" time="0.001"/>
  <testcase classname="utilities.ExcelSheetCode" name="data" time="0.000"/>
  <testcase classname="utilities.ExcelSheetCode" name="data" time="0.001"/>
  <testcase classname="utilities.ExcelSheetCode" name="data" time="0.001"/>
  <testcase classname="utilities.ExcelSheetCode" name="data" time="0.001"/>
  <testcase classname="utilities.ExcelSheetCode" name="data" time="0.001"/>
  <testcase classname="utilities.ExcelSheetCode" name="data" time="0.000"/>
  <testcase classname="utilities.ExcelSheetCode" name="data" time="0.001"/>
  <testcase classname="utilities.ExcelSheetCode" name="data" time="0.001"/>
  <testcase classname="utilities.ExcelSheetCode" name="data" time="0.000"/>
  <testcase classname="utilities.ExcelSheetCode" name="data" time="0.001"/>
  <testcase classname="utilities.ExcelSheetCode" name="data" time="0.000"/>
  <testcase classname="utilities.ExcelSheetCode" name="data" time="0.001"/>
  <testcase classname="utilities.ExcelSheetCode" name="data" time="0.000"/>
  <testcase classname="utilities.ExcelSheetCode" name="data" time="0.000"/>
  <testcase classname="utilities.ExcelSheetCode" name="data" time="0.000"/>
  <testcase classname="utilities.ExcelSheetCode" name="data" time="0.000"/>
  <testcase classname="utilities.ExcelSheetCode" name="data" time="0.001"/>
  <testcase classname="utilities.ExcelSheetCode" name="data" time="0.000"/>
  <testcase classname="utilities.ExcelSheetCode" name="data" time="0.000"/>
  <testcase classname="utilities.ExcelSheetCode" name="data" time="0.002"/>
  <testcase classname="utilities.ExcelSheetCode" name="data" time="0.002"/>
  <testcase classname="utilities.ExcelSheetCode" name="data" time="0.001"/>
  <testcase classname="utilities.ExcelSheetCode" name="data" time="0.000"/>
  <testcase classname="utilities.ExcelSheetCode" name="data" time="0.001"/>
  <testcase classname="utilities.ExcelSheetCode" name="data" time="0.001"/>
  <testcase classname="utilities.ExcelSheetCode" name="data" time="0.001"/>
  <testcase classname="utilities.ExcelSheetCode" name="data" time="0.000"/>
  <testcase classname="utilities.ExcelSheetCode" name="data" time="0.001"/>
  <testcase classname="utilities.ExcelSheetCode" name="data" time="0.001"/>
  <testcase classname="utilities.ExcelSheetCode" name="data" time="0.000"/>
  <testcase classname="utilities.ExcelSheetCode" name="data" time="0.000"/>
  <testcase classname="utilities.ExcelSheetCode" name="data" time="0.010"/>
  <testcase classname="utilities.ExcelSheetCode" name="data" time="0.002"/>
  <testcase classname="utilities.ExcelSheetCode" name="data" time="0.001"/>
  <testcase classname="utilities.ExcelSheetCode" name="data" time="0.000"/>
  <testcase classname="utilities.ExcelSheetCode" name="data" time="0.002"/>
  <testcase classname="utilities.ExcelSheetCode" name="data" time="0.001"/>
  <testcase classname="utilities.ExcelSheetCode" name="data" time="0.000"/>
  <testcase classname="utilities.ExcelSheetCode" name="data" time="0.001"/>
  <testcase classname="utilities.ExcelSheetCode" name="data" time="0.003"/>
  <testcase classname="utilities.ExcelSheetCode" name="data" time="0.000"/>
  <testcase classname="utilities.ExcelSheetCode" name="data" time="0.001"/>
  <testcase classname="utilities.ExcelSheetCode" name="data" time="0.001"/>
  <testcase classname="utilities.ExcelSheetCode" name="data" time="0.002"/>
  <testcase classname="utilities.ExcelSheetCode" name="data" time="0.000"/>
  <testcase classname="utilities.ExcelSheetCode" name="data" time="0.000"/>
  <testcase classname="utilities.ExcelSheetCode" name="data" time="0.002"/>
  <testcase classname="utilities.ExcelSheetCode" name="data" time="0.001"/>
  <testcase classname="utilities.ExcelSheetCode" name="data" time="0.001"/>
  <testcase classname="utilities.ExcelSheetCode" name="data" time="0.002"/>
  <testcase classname="utilities.ExcelSheetCode" name="data" time="0.001"/>
  <testcase classname="utilities.ExcelSheetCode" name="data" time="0.000"/>
  <testcase classname="utilities.ExcelSheetCode" name="data" time="0.001"/>
  <testcase classname="utilities.ExcelSheetCode" name="data" time="0.001"/>
  <testcase classname="utilities.ExcelSheetCode" name="data" time="0.001"/>
  <testcase classname="utilities.ExcelSheetCode" name="data" time="0.001"/>
  <testcase classname="utilities.ExcelSheetCode" name="data" time="0.000"/>
  <testcase classname="utilities.ExcelSheetCode" name="data" time="0.002"/>
  <testcase classname="utilities.ExcelSheetCode" name="data" time="0.001"/>
  <testcase classname="utilities.ExcelSheetCode" name="data" time="0.001"/>
  <testcase classname="utilities.ExcelSheetCode" name="data" time="0.001"/>
  <testcase classname="utilities.ExcelSheetCode" name="data" time="0.001"/>
  <testcase classname="utilities.ExcelSheetCode" name="data" time="0.000"/>
  <testcase classname="utilities.ExcelSheetCode" name="data" time="0.003"/>
  <testcase classname="utilities.ExcelSheetCode" name="data" time="0.001"/>
  <testcase classname="utilities.ExcelSheetCode" name="data" time="0.001"/>
  <testcase classname="utilities.ExcelSheetCode" name="data" time="0.001"/>
  <testcase classname="utilities.ExcelSheetCode" name="data" time="0.002"/>
  <testcase classname="utilities.ExcelSheetCode" name="data" time="0.002"/>
  <testcase classname="utilities.ExcelSheetCode" name="data" time="0.001"/>
  <testcase classname="utilities.ExcelSheetCode" name="data" time="0.002"/>
  <testcase classname="utilities.ExcelSheetCode" name="data" time="0.000"/>
  <testcase classname="utilities.ExcelSheetCode" name="data" time="0.001"/>
  <testcase classname="utilities.ExcelSheetCode" name="data" time="0.002"/>
  <testcase classname="utilities.ExcelSheetCode" name="data" time="0.000"/>
  <testcase classname="utilities.ExcelSheetCode" name="data" time="0.000"/>
  <testcase classname="utilities.ExcelSheetCode" name="data" time="0.000"/>
  <testcase classname="utilities.ExcelSheetCode" name="data" time="0.001"/>
  <testcase classname="utilities.ExcelSheetCode" name="data" time="0.000"/>
  <testcase classname="utilities.ExcelSheetCode" name="data" time="0.000"/>
  <testcase classname="utilities.ExcelSheetCode" name="data" time="0.000"/>
  <testcase classname="utilities.ExcelSheetCode" name="data" time="0.000"/>
  <testcase classname="utilities.ExcelSheetCode" name="data" time="0.001"/>
  <testcase classname="utilities.ExcelSheetCode" name="data" time="0.001"/>
  <testcase classname="utilities.ExcelSheetCode" name="data" time="0.001"/>
  <testcase classname="utilities.ExcelSheetCode" name="data" time="0.001"/>
  <testcase classname="utilities.ExcelSheetCode" name="data" time="0.001"/>
  <testcase classname="utilities.ExcelSheetCode" name="data" time="0.000"/>
  <testcase classname="utilities.ExcelSheetCode" name="data" time="0.000"/>
  <testcase classname="utilities.ExcelSheetCode" name="data" time="0.002"/>
  <testcase classname="utilities.ExcelSheetCode" name="data" time="0.001"/>
  <testcase classname="utilities.ExcelSheetCode" name="data" time="0.001"/>
  <testcase classname="utilities.ExcelSheetCode" name="data" time="0.001"/>
  <testcase classname="utilities.ExcelSheetCode" name="data" time="0.001"/>
  <testcase classname="utilities.ExcelSheetCode" name="data" time="0.002"/>
  <testcase classname="utilities.ExcelSheetCode" name="data" time="0.000"/>
  <testcase classname="utilities.ExcelSheetCode" name="data" time="0.001"/>
  <testcase classname="utilities.ExcelSheetCode" name="data" time="0.000"/>
  <testcase classname="utilities.ExcelSheetCode" name="data" time="0.001"/>
  <testcase classname="utilities.ExcelSheetCode" name="data" time="0.001"/>
  <testcase classname="utilities.ExcelSheetCode" name="data" time="0.001"/>
  <testcase classname="utilities.ExcelSheetCode" name="data" time="0.001"/>
  <testcase classname="utilities.ExcelSheetCode" name="data" time="0.000"/>
  <testcase classname="utilities.ExcelSheetCode" name="data" time="0.000"/>
  <testcase classname="utilities.ExcelSheetCode" name="data" time="0.002"/>
  <testcase classname="utilities.ExcelSheetCode" name="data" time="0.004"/>
  <testcase classname="utilities.ExcelSheetCode" name="data" time="0.002"/>
  <testcase classname="utilities.ExcelSheetCode" name="data" time="0.001"/>
  <testcase classname="utilities.ExcelSheetCode" name="data" time="0.001"/>
  <testcase classname="utilities.ExcelSheetCode" name="data" time="0.001"/>
  <testcase classname="utilities.ExcelSheetCode" name="data" time="0.002"/>
  <testcase classname="utilities.ExcelSheetCode" name="data" time="0.001"/>
  <testcase classname="utilities.ExcelSheetCode" name="data" time="0.001"/>
  <testcase classname="utilities.ExcelSheetCode" name="data" time="0.002"/>
  <testcase classname="utilities.ExcelSheetCode" name="data" time="0.001"/>
  <testcase classname="utilities.ExcelSheetCode" name="data" time="0.001"/>
  <testcase classname="utilities.ExcelSheetCode" name="data" time="0.001"/>
  <testcase classname="utilities.ExcelSheetCode" name="data" time="0.001"/>
  <testcase classname="utilities.ExcelSheetCode" name="data" time="0.001"/>
  <testcase classname="utilities.ExcelSheetCode" name="data" time="0.004"/>
  <testcase classname="utilities.ExcelSheetCode" name="data" time="0.009"/>
  <testcase classname="utilities.ExcelSheetCode" name="data" time="0.001"/>
  <testcase classname="utilities.ExcelSheetCode" name="data" time="0.000"/>
  <testcase classname="utilities.ExcelSheetCode" name="data" time="0.000"/>
  <testcase classname="utilities.ExcelSheetCode" name="data" time="0.000"/>
  <testcase classname="utilities.ExcelSheetCode" name="data" time="0.001"/>
  <testcase classname="utilities.ExcelSheetCode" name="data" time="0.001"/>
  <testcase classname="utilities.ExcelSheetCode" name="data" time="0.001"/>
  <testcase classname="utilities.ExcelSheetCode" name="data" time="0.000"/>
  <testcase classname="utilities.ExcelSheetCode" name="data" time="0.000"/>
  <testcase classname="utilities.ExcelSheetCode" name="data" time="0.002"/>
  <testcase classname="utilities.ExcelSheetCode" name="data" time="0.001"/>
  <testcase classname="utilities.ExcelSheetCode" name="data" time="0.000"/>
  <testcase classname="utilities.ExcelSheetCode" name="data" time="0.000"/>
  <testcase classname="utilities.ExcelSheetCode" name="data" time="0.001"/>
  <testcase classname="utilities.ExcelSheetCode" name="data" time="0.001"/>
  <testcase classname="utilities.ExcelSheetCode" name="data" time="0.002"/>
  <testcase classname="utilities.ExcelSheetCode" name="data" time="0.005"/>
  <testcase classname="utilities.ExcelSheetCode" name="data" time="0.000"/>
  <testcase classname="utilities.ExcelSheetCode" name="data" time="0.000"/>
  <testcase classname="utilities.ExcelSheetCode" name="data" time="0.001"/>
  <testcase classname="utilities.ExcelSheetCode" name="data" time="0.000"/>
  <testcase classname="utilities.ExcelSheetCode" name="data" time="0.001"/>
  <testcase classname="utilities.ExcelSheetCode" name="data" time="0.001"/>
  <testcase classname="utilities.ExcelSheetCode" name="data" time="0.000"/>
  <testcase classname="utilities.ExcelSheetCode" name="data" time="0.001"/>
  <testcase classname="utilities.ExcelSheetCode" name="data" time="0.000"/>
  <testcase classname="utilities.ExcelSheetCode" name="data" time="0.000"/>
  <testcase classname="utilities.ExcelSheetCode" name="data" time="0.000"/>
  <testcase classname="utilities.ExcelSheetCode" name="data" time="0.000"/>
  <testcase classname="utilities.ExcelSheetCode" name="data" time="0.000"/>
  <testcase classname="utilities.ExcelSheetCode" name="data" time="0.001"/>
  <testcase classname="utilities.ExcelSheetCode" name="data" time="0.001"/>
  <testcase classname="utilities.ExcelSheetCode" name="data" time="0.001"/>
  <testcase classname="utilities.ExcelSheetCode" name="data" time="0.000"/>
  <testcase classname="utilities.ExcelSheetCode" name="data" time="0.001"/>
  <testcase classname="utilities.ExcelSheetCode" name="data" time="0.001"/>
  <testcase classname="utilities.ExcelSheetCode" name="data" time="0.000"/>
  <testcase classname="utilities.ExcelSheetCode" name="data" time="0.001"/>
  <testcase classname="utilities.ExcelSheetCode" name="data" time="0.000"/>
  <testcase classname="utilities.ExcelSheetCode" name="data" time="0.004"/>
  <testcase classname="utilities.ExcelSheetCode" name="data" time="0.001"/>
  <testcase classname="utilities.ExcelSheetCode" name="data" time="0.000"/>
  <testcase classname="utilities.ExcelSheetCode" name="data" time="0.002"/>
  <testcase classname="utilities.ExcelSheetCode" name="data" time="0.000"/>
  <testcase classname="utilities.ExcelSheetCode" name="data" time="0.000"/>
  <testcase classname="utilities.ExcelSheetCode" name="data" time="0.001"/>
  <testcase classname="utilities.ExcelSheetCode" name="data" time="0.001"/>
  <testcase classname="utilities.ExcelSheetCode" name="data" time="0.001"/>
  <testcase classname="utilities.ExcelSheetCode" name="data" time="0.001"/>
  <testcase classname="utilities.ExcelSheetCode" name="data" time="0.000"/>
  <testcase classname="utilities.ExcelSheetCode" name="data" time="0.001"/>
  <testcase classname="utilities.ExcelSheetCode" name="data" time="0.004"/>
  <testcase classname="utilities.ExcelSheetCode" name="data" time="0.001"/>
  <testcase classname="utilities.ExcelSheetCode" name="data" time="0.000"/>
  <testcase classname="utilities.ExcelSheetCode" name="data" time="0.000"/>
  <testcase classname="utilities.ExcelSheetCode" name="data" time="0.000"/>
  <testcase classname="utilities.ExcelSheetCode" name="data" time="0.000"/>
  <testcase classname="utilities.ExcelSheetCode" name="data" time="0.001"/>
  <testcase classname="utilities.ExcelSheetCode" name="data" time="0.001"/>
  <testcase classname="utilities.ExcelSheetCode" name="data" time="0.001"/>
  <testcase classname="utilities.ExcelSheetCode" name="data" time="0.001"/>
  <testcase classname="utilities.ExcelSheetCode" name="data" time="0.001"/>
  <testcase classname="utilities.ExcelSheetCode" name="data" time="0.000"/>
  <testcase classname="utilities.ExcelSheetCode" name="data" time="0.000"/>
  <testcase classname="utilities.ExcelSheetCode" name="data" time="0.003"/>
  <testcase classname="utilities.ExcelSheetCode" name="data" time="0.001"/>
  <testcase classname="utilities.ExcelSheetCode" name="data" time="0.001"/>
  <testcase classname="utilities.ExcelSheetCode" name="data" time="0.001"/>
  <testcase classname="utilities.ExcelSheetCode" name="data" time="0.000"/>
  <testcase classname="utilities.ExcelSheetCode" name="data" time="0.000"/>
  <testcase classname="utilities.ExcelSheetCode" name="data" time="0.004"/>
  <testcase classname="utilities.ExcelSheetCode" name="data" time="0.002"/>
  <testcase classname="utilities.ExcelSheetCode" name="data" time="0.000"/>
  <testcase classname="utilities.ExcelSheetCode" name="data" time="0.001"/>
  <testcase classname="utilities.ExcelSheetCode" name="data" time="0.000"/>
  <testcase classname="utilities.ExcelSheetCode" name="data" time="0.001"/>
  <testcase classname="utilities.ExcelSheetCode" name="data" time="0.000"/>
  <testcase classname="utilities.ExcelSheetCode" name="data" time="0.001"/>
  <testcase classname="utilities.ExcelSheetCode" name="data" time="0.000"/>
  <testcase classname="utilities.ExcelSheetCode" name="data" time="0.001"/>
  <testcase classname="utilities.ExcelSheetCode" name="data" time="0.000"/>
  <testcase classname="utilities.ExcelSheetCode" name="data" time="0.001"/>
  <testcase classname="utilities.ExcelSheetCode" name="data" time="0.001"/>
  <testcase classname="utilities.ExcelSheetCode" name="data" time="0.001"/>
  <testcase classname="utilities.ExcelSheetCode" name="data" time="0.000"/>
  <testcase classname="utilities.ExcelSheetCode" name="data" time="0.001"/>
  <testcase classname="utilities.ExcelSheetCode" name="data" time="0.000"/>
  <testcase classname="utilities.ExcelSheetCode" name="data" time="0.001"/>
  <testcase classname="utilities.ExcelSheetCode" name="data" time="0.002"/>
  <testcase classname="utilities.ExcelSheetCode" name="data" time="0.001"/>
  <testcase classname="utilities.ExcelSheetCode" name="data" time="0.001"/>
  <testcase classname="utilities.ExcelSheetCode" name="data" time="0.001"/>
  <testcase classname="utilities.ExcelSheetCode" name="data" time="0.002"/>
  <testcase classname="utilities.ExcelSheetCode" name="data" time="0.001"/>
  <testcase classname="utilities.ExcelSheetCode" name="data" time="0.001"/>
  <testcase classname="utilities.ExcelSheetCode" name="data" time="0.004"/>
  <testcase classname="utilities.ExcelSheetCode" name="data" time="0.004"/>
  <testcase classname="utilities.ExcelSheetCode" name="data" time="0.001"/>
  <testcase classname="utilities.ExcelSheetCode" name="data" time="0.000"/>
  <testcase classname="utilities.ExcelSheetCode" name="data" time="0.003"/>
  <testcase classname="utilities.ExcelSheetCode" name="data" time="0.000"/>
  <testcase classname="utilities.ExcelSheetCode" name="data" time="0.001"/>
  <testcase classname="utilities.ExcelSheetCode" name="data" time="0.001"/>
  <testcase classname="utilities.ExcelSheetCode" name="data" time="0.001"/>
  <testcase classname="utilities.ExcelSheetCode" name="data" time="0.000"/>
  <testcase classname="utilities.ExcelSheetCode" name="data" time="0.000"/>
  <testcase classname="utilities.ExcelSheetCode" name="data" time="0.000"/>
  <testcase classname="utilities.ExcelSheetCode" name="data" time="0.001"/>
  <testcase classname="utilities.ExcelSheetCode" name="data" time="0.001"/>
  <testcase classname="utilities.ExcelSheetCode" name="data" time="0.001"/>
  <testcase classname="utilities.ExcelSheetCode" name="data" time="0.000"/>
  <testcase classname="utilities.ExcelSheetCode" name="data" time="0.000"/>
  <testcase classname="utilities.ExcelSheetCode" name="data" time="0.002"/>
  <testcase classname="utilities.ExcelSheetCode" name="data" time="0.001"/>
  <testcase classname="utilities.ExcelSheetCode" name="data" time="0.000"/>
  <testcase classname="utilities.ExcelSheetCode" name="data" time="0.001"/>
  <testcase classname="utilities.ExcelSheetCode" name="data" time="0.001"/>
  <testcase classname="utilities.ExcelSheetCode" name="data" time="0.003"/>
  <testcase classname="utilities.ExcelSheetCode" name="data" time="0.002"/>
  <testcase classname="utilities.ExcelSheetCode" name="data" time="0.001"/>
  <testcase classname="utilities.ExcelSheetCode" name="data" time="0.001"/>
  <testcase classname="utilities.ExcelSheetCode" name="data" time="0.001"/>
  <testcase classname="utilities.ExcelSheetCode" name="data" time="0.001"/>
  <testcase classname="utilities.ExcelSheetCode" name="data" time="0.001"/>
  <testcase classname="utilities.ExcelSheetCode" name="data" time="0.005"/>
  <testcase classname="utilities.ExcelSheetCode" name="data" time="0.000"/>
  <testcase classname="utilities.ExcelSheetCode" name="data" time="0.000"/>
  <testcase classname="utilities.ExcelSheetCode" name="data" time="0.000"/>
  <testcase classname="utilities.ExcelSheetCode" name="data" time="0.001"/>
  <testcase classname="utilities.ExcelSheetCode" name="data" time="0.003"/>
  <testcase classname="utilities.ExcelSheetCode" name="data" time="0.001"/>
  <testcase classname="utilities.ExcelSheetCode" name="data" time="0.001"/>
  <testcase classname="utilities.ExcelSheetCode" name="data" time="0.001"/>
  <testcase classname="utilities.ExcelSheetCode" name="data" time="0.001"/>
  <testcase classname="utilities.ExcelSheetCode" name="data" time="0.002"/>
  <testcase classname="utilities.ExcelSheetCode" name="data" time="0.000"/>
  <testcase classname="utilities.ExcelSheetCode" name="data" time="0.002"/>
  <testcase classname="utilities.ExcelSheetCode" name="data" time="0.000"/>
  <testcase classname="utilities.ExcelSheetCode" name="data" time="0.000"/>
  <testcase classname="utilities.ExcelSheetCode" name="data" time="0.001"/>
  <testcase classname="utilities.ExcelSheetCode" name="data" time="0.000"/>
  <testcase classname="utilities.ExcelSheetCode" name="data" time="0.004"/>
  <testcase classname="utilities.ExcelSheetCode" name="data" time="0.002"/>
  <testcase classname="utilities.ExcelSheetCode" name="data" time="0.001"/>
  <testcase classname="utilities.ExcelSheetCode" name="data" time="0.001"/>
  <testcase classname="utilities.ExcelSheetCode" name="data" time="0.001"/>
  <testcase classname="utilities.ExcelSheetCode" name="data" time="0.001"/>
  <testcase classname="utilities.ExcelSheetCode" name="data" time="0.003"/>
  <testcase classname="utilities.ExcelSheetCode" name="data" time="0.000"/>
  <testcase classname="utilities.ExcelSheetCode" name="data" time="0.001"/>
  <testcase classname="utilities.ExcelSheetCode" name="data" time="0.001"/>
  <testcase classname="utilities.ExcelSheetCode" name="data" time="0.001"/>
  <testcase classname="utilities.ExcelSheetCode" name="data" time="0.000"/>
  <testcase classname="utilities.ExcelSheetCode" name="data" time="0.000"/>
  <testcase classname="utilities.ExcelSheetCode" name="data" time="0.002"/>
  <testcase classname="utilities.ExcelSheetCode" name="data" time="0.000"/>
  <testcase classname="utilities.ExcelSheetCode" name="data" time="0.001"/>
  <testcase classname="utilities.ExcelSheetCode" name="data" time="0.001"/>
  <testcase classname="utilities.ExcelSheetCode" name="data" time="0.002"/>
  <testcase classname="utilities.ExcelSheetCode" name="data" time="0.001"/>
  <testcase classname="utilities.ExcelSheetCode" name="data" time="0.000"/>
  <testcase classname="utilities.ExcelSheetCode" name="data" time="0.001"/>
  <testcase classname="utilities.ExcelSheetCode" name="data" time="0.000"/>
  <testcase classname="utilities.ExcelSheetCode" name="data" time="0.001"/>
  <testcase classname="utilities.ExcelSheetCode" name="data" time="0.001"/>
  <testcase classname="utilities.ExcelSheetCode" name="data" time="0.001"/>
  <testcase classname="utilities.ExcelSheetCode" name="data" time="0.001"/>
  <testcase classname="utilities.ExcelSheetCode" name="data" time="0.001"/>
  <testcase classname="utilities.ExcelSheetCode" name="data" time="0.000"/>
  <testcase classname="utilities.ExcelSheetCode" name="data" time="0.000"/>
  <testcase classname="utilities.ExcelSheetCode" name="data" time="0.002"/>
  <testcase classname="utilities.ExcelSheetCode" name="data" time="0.000"/>
  <testcase classname="utilities.ExcelSheetCode" name="data" time="0.001"/>
  <testcase classname="utilities.ExcelSheetCode" name="data" time="0.002"/>
  <testcase classname="utilities.ExcelSheetCode" name="data" time="0.001"/>
  <testcase classname="utilities.ExcelSheetCode" name="data" time="0.002"/>
  <testcase classname="utilities.ExcelSheetCode" name="data" time="0.001"/>
  <testcase classname="utilities.ExcelSheetCode" name="data" time="0.001"/>
  <testcase classname="utilities.ExcelSheetCode" name="data" time="0.000"/>
  <testcase classname="utilities.ExcelSheetCode" name="data" time="0.002"/>
  <testcase classname="utilities.ExcelSheetCode" name="data" time="0.001"/>
  <testcase classname="utilities.ExcelSheetCode" name="data" time="0.003"/>
  <testcase classname="utilities.ExcelSheetCode" name="data" time="0.004"/>
  <testcase classname="utilities.ExcelSheetCode" name="data" time="0.000"/>
  <testcase classname="utilities.ExcelSheetCode" name="data" time="0.001"/>
  <testcase classname="utilities.ExcelSheetCode" name="data" time="0.001"/>
  <testcase classname="utilities.ExcelSheetCode" name="data" time="0.000"/>
  <testcase classname="utilities.ExcelSheetCode" name="data" time="0.002"/>
  <testcase classname="utilities.ExcelSheetCode" name="data" time="0.001"/>
  <testcase classname="utilities.ExcelSheetCode" name="data" time="0.004"/>
  <testcase classname="utilities.ExcelSheetCode" name="data" time="0.005"/>
  <testcase classname="utilities.ExcelSheetCode" name="data" time="0.001"/>
  <testcase classname="utilities.ExcelSheetCode" name="data" time="0.003"/>
  <testcase classname="utilities.ExcelSheetCode" name="data" time="0.001"/>
  <testcase classname="utilities.ExcelSheetCode" name="data" time="0.001"/>
  <testcase classname="utilities.ExcelSheetCode" name="data" time="0.002"/>
  <testcase classname="utilities.ExcelSheetCode" name="data" time="0.001"/>
  <testcase classname="utilities.ExcelSheetCode" name="data" time="0.027"/>
  <testcase classname="utilities.ExcelSheetCode" name="data" time="0.001"/>
  <testcase classname="utilities.ExcelSheetCode" name="data" time="0.000"/>
  <testcase classname="utilities.ExcelSheetCode" name="data" time="0.000"/>
  <testcase classname="utilities.ExcelSheetCode" name="data" time="0.001"/>
  <testcase classname="utilities.ExcelSheetCode" name="data" time="0.000"/>
  <testcase classname="utilities.ExcelSheetCode" name="data" time="0.000"/>
  <testcase classname="utilities.ExcelSheetCode" name="data" time="0.001"/>
  <testcase classname="utilities.ExcelSheetCode" name="data" time="0.001"/>
  <testcase classname="utilities.ExcelSheetCode" name="data" time="0.001"/>
  <testcase classname="utilities.ExcelSheetCode" name="data" time="0.001"/>
  <testcase classname="utilities.ExcelSheetCode" name="data" time="0.006"/>
  <testcase classname="utilities.ExcelSheetCode" name="data" time="0.001"/>
  <testcase classname="utilities.ExcelSheetCode" name="data" time="0.000"/>
  <testcase classname="utilities.ExcelSheetCode" name="data" time="0.001"/>
  <testcase classname="utilities.ExcelSheetCode" name="data" time="0.003"/>
  <testcase classname="utilities.ExcelSheetCode" name="data" time="0.002"/>
  <testcase classname="utilities.ExcelSheetCode" name="data" time="0.002"/>
  <testcase classname="utilities.ExcelSheetCode" name="data" time="0.000"/>
  <testcase classname="utilities.ExcelSheetCode" name="data" time="0.000"/>
  <testcase classname="utilities.ExcelSheetCode" name="data" time="0.001"/>
  <testcase classname="utilities.ExcelSheetCode" name="data" time="0.001"/>
  <testcase classname="utilities.ExcelSheetCode" name="data" time="0.001"/>
  <testcase classname="utilities.ExcelSheetCode" name="data" time="0.000"/>
  <testcase classname="utilities.ExcelSheetCode" name="data" time="0.000"/>
  <testcase classname="utilities.ExcelSheetCode" name="data" time="0.001"/>
  <testcase classname="utilities.ExcelSheetCode" name="data" time="0.003"/>
  <testcase classname="utilities.ExcelSheetCode" name="data" time="0.000"/>
  <testcase classname="utilities.ExcelSheetCode" name="data" time="0.001"/>
  <testcase classname="utilities.ExcelSheetCode" name="data" time="0.001"/>
  <testcase classname="utilities.ExcelSheetCode" name="data" time="0.001"/>
  <testcase classname="utilities.ExcelSheetCode" name="data" time="0.001"/>
  <testcase classname="utilities.ExcelSheetCode" name="data" time="0.001"/>
  <testcase classname="utilities.ExcelSheetCode" name="data" time="0.000"/>
  <testcase classname="utilities.ExcelSheetCode" name="data" time="0.001"/>
  <testcase classname="utilities.ExcelSheetCode" name="data" time="0.000"/>
  <testcase classname="utilities.ExcelSheetCode" name="data" time="0.000"/>
  <testcase classname="utilities.ExcelSheetCode" name="data" time="0.000"/>
  <testcase classname="utilities.ExcelSheetCode" name="data" time="0.002"/>
  <testcase classname="utilities.ExcelSheetCode" name="data" time="0.001"/>
  <testcase classname="utilities.ExcelSheetCode" name="data" time="0.000"/>
  <testcase classname="utilities.ExcelSheetCode" name="data" time="0.000"/>
  <testcase classname="utilities.ExcelSheetCode" name="data" time="0.001"/>
  <testcase classname="utilities.ExcelSheetCode" name="data" time="0.002"/>
  <testcase classname="utilities.ExcelSheetCode" name="data" time="0.000"/>
  <testcase classname="utilities.ExcelSheetCode" name="data" time="0.002"/>
  <testcase classname="utilities.ExcelSheetCode" name="data" time="0.001"/>
  <testcase classname="utilities.ExcelSheetCode" name="data" time="0.000"/>
  <testcase classname="utilities.ExcelSheetCode" name="data" time="0.000"/>
  <testcase classname="utilities.ExcelSheetCode" name="data" time="0.000"/>
  <testcase classname="utilities.ExcelSheetCode" name="data" time="0.000"/>
  <testcase classname="utilities.ExcelSheetCode" name="data" time="0.008"/>
  <testcase classname="utilities.ExcelSheetCode" name="data" time="0.001"/>
  <testcase classname="utilities.ExcelSheetCode" name="data" time="0.001"/>
  <testcase classname="utilities.ExcelSheetCode" name="data" time="0.000"/>
  <testcase classname="utilities.ExcelSheetCode" name="data" time="0.000"/>
  <testcase classname="utilities.ExcelSheetCode" name="data" time="0.000"/>
  <testcase classname="utilities.ExcelSheetCode" name="data" time="0.001"/>
  <testcase classname="utilities.ExcelSheetCode" name="data" time="0.001"/>
</testsuite> <!-- utilities.ExcelSheetCode -->
