<?xml version="1.0" encoding="UTF-8"?>
<!-- Generated by org.testng.reporters.JUnitReportReporter -->
<testsuite hostname="DESKTOP-OMV2D25" failures="0" tests="1" name="testLayer.Aptest2" time="0.014" errors="0" timestamp="2024-04-24T18:04:49 IST" skipped="0">
  <testcase classname="testLayer.Aptest2" name="test1" time="0.014"/>
</testsuite> <!-- testLayer.Aptest2 -->
