<?xml version="1.0" encoding="UTF-8"?>
<!-- Generated by org.testng.reporters.JUnitReportReporter -->
<testsuite hostname="DESKTOP-V6ELO8R" failures="0" tests="1" name="testLayer.AddProducToCart" time="108.437" errors="0" timestamp="2024-03-26T19:12:01 IST" skipped="0">
  <testcase classname="testLayer.AddProducToCart" name="creatAccountTest" time="108.437"/>
</testsuite> <!-- testLayer.AddProducToCart -->
