<?xml version="1.0" encoding="UTF-8"?>
<!-- Generated by org.testng.reporters.JUnitReportReporter -->
<testsuite hostname="DESKTOP-OMV2D25" failures="0" tests="1" name="testLayer.SignUptest" time="41.270" errors="0" timestamp="2024-04-15T19:05:36 IST" skipped="0">
  <testcase classname="testLayer.SignUptest" name="signUp_Test" time="41.270"/>
</testsuite> <!-- testLayer.SignUptest -->
